android/app/build/intermediates/manifest_merge_blame_file/debug/manifest-merger-blame-debug-report.txt
1<?xml version="1.0" encoding="utf-8"?>
2<manifest xmlns:android="http://schemas.android.com/apk/res/android"
3    package="com.vegourmet"
4    android:versionCode="1"
5    android:versionName="1.0" >
6
7    <uses-sdk
8        android:minSdkVersion="16"
9        android:targetSdkVersion="29" />
10
11    <uses-permission android:name="android.permission.SYSTEM_ALERT_WINDOW" />
11-->src\debug\AndroidManifest.xml:5:5-77
11-->src\debug\AndroidManifest.xml:5:22-75
12    <uses-permission android:name="android.permission.INTERNET" /> <!-- Required -->
12-->src\main\AndroidManifest.xml:4:5-67
12-->src\main\AndroidManifest.xml:4:22-64
13    <uses-permission android:name="android.permission.CAMERA" /> <!-- Include this only if you are planning to use the camera roll -->
13-->src\main\AndroidManifest.xml:7:5-65
13-->src\main\AndroidManifest.xml:7:22-62
14    <uses-permission android:name="android.permission.READ_EXTERNAL_STORAGE" />
14-->src\main\AndroidManifest.xml:10:5-80
14-->src\main\AndroidManifest.xml:10:22-77
15    <uses-permission android:name="android.permission.WRITE_EXTERNAL_STORAGE" />
15-->src\main\AndroidManifest.xml:11:5-81
15-->src\main\AndroidManifest.xml:11:22-78
16    <uses-permission android:name="android.permission.ACCESS_WIFI_STATE" />
16-->[com.facebook.flipper:flipper:0.54.0] AndroidManifest.xml:16:5-76
16-->[com.facebook.flipper:flipper:0.54.0] AndroidManifest.xml:16:22-73
17
18    <uses-feature
18-->[:react-native-camera] AndroidManifest.xml:11:5-13:36
19        android:name="android.hardware.camera"
19-->[:react-native-camera] AndroidManifest.xml:12:9-47
20        android:required="false" />
20-->[:react-native-camera] AndroidManifest.xml:13:9-33
21    <uses-feature
21-->[:react-native-camera] AndroidManifest.xml:14:5-16:36
22        android:name="android.hardware.camera.autofocus"
22-->[:react-native-camera] AndroidManifest.xml:15:9-57
23        android:required="false" /> <!-- Although the *SdkVersion is captured in gradle build files, this is required for non gradle builds -->
23-->[:react-native-camera] AndroidManifest.xml:16:9-33
24    <!-- <uses-sdk android:minSdkVersion="14"/> -->
25    <uses-permission android:name="android.permission.ACCESS_NETWORK_STATE" />
25-->[com.google.android.datatransport:transport-backend-cct:2.3.2] AndroidManifest.xml:25:5-79
25-->[com.google.android.datatransport:transport-backend-cct:2.3.2] AndroidManifest.xml:25:22-76
26
27    <application
27-->src\main\AndroidManifest.xml:13:5-32:19
28        android:name="com.vegourmet.MainApplication"
28-->src\main\AndroidManifest.xml:14:7-38
29        android:allowBackup="false"
29-->src\main\AndroidManifest.xml:18:7-34
30        android:appComponentFactory="androidx.core.app.CoreComponentFactory"
30-->[androidx.core:core:1.2.0] AndroidManifest.xml:24:18-86
31        android:debuggable="true"
32        android:icon="@mipmap/ic_launcher"
32-->src\main\AndroidManifest.xml:16:7-41
33        android:label="@string/app_name"
33-->src\main\AndroidManifest.xml:15:7-39
34        android:roundIcon="@mipmap/ic_launcher_round"
34-->src\main\AndroidManifest.xml:17:7-52
35        android:testOnly="true"
36        android:theme="@style/AppTheme"
36-->src\main\AndroidManifest.xml:19:7-38
37        android:usesCleartextTraffic="true" >
37-->src\debug\AndroidManifest.xml:7:18-53
38        <activity
38-->src\main\AndroidManifest.xml:20:7-30:18
39            android:name="com.vegourmet.MainActivity"
39-->src\main\AndroidManifest.xml:21:9-37
40            android:configChanges="keyboard|keyboardHidden|orientation|screenSize|uiMode"
40-->src\main\AndroidManifest.xml:23:9-86
41            android:label="@string/app_name"
41-->src\main\AndroidManifest.xml:22:9-41
42            android:launchMode="singleTask"
42-->src\main\AndroidManifest.xml:24:9-40
43            android:windowSoftInputMode="adjustResize" >
43-->src\main\AndroidManifest.xml:25:9-51
44            <intent-filter>
44-->src\main\AndroidManifest.xml:26:9-29:25
45                <action android:name="android.intent.action.MAIN" />
45-->src\main\AndroidManifest.xml:27:13-65
45-->src\main\AndroidManifest.xml:27:21-62
46
47                <category android:name="android.intent.category.LAUNCHER" />
47-->src\main\AndroidManifest.xml:28:13-73
47-->src\main\AndroidManifest.xml:28:23-70
48            </intent-filter>
49        </activity>
50        <activity android:name="com.facebook.react.devsupport.DevSettingsActivity" />
50-->src\main\AndroidManifest.xml:31:7-84
50-->src\main\AndroidManifest.xml:31:17-81
51
52        <service
52-->[com.google.android.gms:play-services-mlkit-barcode-scanning:16.1.3] AndroidManifest.xml:9:9-15:19
53            android:name="com.google.mlkit.common.internal.MlKitComponentDiscoveryService"
53-->[com.google.android.gms:play-services-mlkit-barcode-scanning:16.1.3] AndroidManifest.xml:10:13-91
54            android:directBootAware="true"
54-->[com.google.mlkit:common:17.1.0] AndroidManifest.xml:17:13-43
55            android:exported="false" >
55-->[com.google.android.gms:play-services-mlkit-barcode-scanning:16.1.3] AndroidManifest.xml:11:13-37
56            <meta-data
56-->[com.google.android.gms:play-services-mlkit-barcode-scanning:16.1.3] AndroidManifest.xml:12:13-14:85
57                android:name="com.google.firebase.components:com.google.mlkit.vision.barcode.internal.BarcodeRegistrar"
57-->[com.google.android.gms:play-services-mlkit-barcode-scanning:16.1.3] AndroidManifest.xml:13:17-120
58                android:value="com.google.firebase.components.ComponentRegistrar" />
58-->[com.google.android.gms:play-services-mlkit-barcode-scanning:16.1.3] AndroidManifest.xml:14:17-82
59            <meta-data
59-->[com.google.mlkit:vision-common:16.2.0] AndroidManifest.xml:12:13-14:85
60                android:name="com.google.firebase.components:com.google.mlkit.vision.common.internal.VisionCommonRegistrar"
60-->[com.google.mlkit:vision-common:16.2.0] AndroidManifest.xml:13:17-124
61                android:value="com.google.firebase.components.ComponentRegistrar" />
61-->[com.google.mlkit:vision-common:16.2.0] AndroidManifest.xml:14:17-82
62            <meta-data
62-->[com.google.mlkit:common:17.1.0] AndroidManifest.xml:20:13-22:85
63                android:name="com.google.firebase.components:com.google.mlkit.common.internal.CommonComponentRegistrar"
63-->[com.google.mlkit:common:17.1.0] AndroidManifest.xml:21:17-120
64                android:value="com.google.firebase.components.ComponentRegistrar" />
64-->[com.google.mlkit:common:17.1.0] AndroidManifest.xml:22:17-82
65        </service>
66
67        <provider
67-->[com.google.mlkit:common:17.1.0] AndroidManifest.xml:9:9-13:38
68            android:name="com.google.mlkit.common.internal.MlKitInitProvider"
68-->[com.google.mlkit:common:17.1.0] AndroidManifest.xml:10:13-78
69            android:authorities="com.vegourmet.mlkitinitprovider"
69-->[com.google.mlkit:common:17.1.0] AndroidManifest.xml:11:13-69
70            android:exported="false"
70-->[com.google.mlkit:common:17.1.0] AndroidManifest.xml:12:13-37
71            android:initOrder="99" />
71-->[com.google.mlkit:common:17.1.0] AndroidManifest.xml:13:13-35
72
73        <service
73-->[com.google.android.datatransport:transport-backend-cct:2.3.2] AndroidManifest.xml:29:9-35:19
74            android:name="com.google.android.datatransport.runtime.backends.TransportBackendDiscovery"
74-->[com.google.android.datatransport:transport-backend-cct:2.3.2] AndroidManifest.xml:30:13-103
75            android:exported="false" >
75-->[com.google.android.datatransport:transport-backend-cct:2.3.2] AndroidManifest.xml:31:13-37
76            <meta-data
76-->[com.google.android.datatransport:transport-backend-cct:2.3.2] AndroidManifest.xml:32:13-34:39
77                android:name="backend:com.google.android.datatransport.cct.CctBackendFactory"
77-->[com.google.android.datatransport:transport-backend-cct:2.3.2] AndroidManifest.xml:33:17-94
78                android:value="cct" />
78-->[com.google.android.datatransport:transport-backend-cct:2.3.2] AndroidManifest.xml:34:17-36
79        </service>
80        <service
80-->[com.google.android.datatransport:transport-runtime:2.2.5] AndroidManifest.xml:26:9-30:19
81            android:name="com.google.android.datatransport.runtime.scheduling.jobscheduling.JobInfoSchedulerService"
81-->[com.google.android.datatransport:transport-runtime:2.2.5] AndroidManifest.xml:27:13-117
82            android:exported="false"
82-->[com.google.android.datatransport:transport-runtime:2.2.5] AndroidManifest.xml:28:13-37
83            android:permission="android.permission.BIND_JOB_SERVICE" >
83-->[com.google.android.datatransport:transport-runtime:2.2.5] AndroidManifest.xml:29:13-69
84        </service>
85
86        <receiver
86-->[com.google.android.datatransport:transport-runtime:2.2.5] AndroidManifest.xml:32:9-34:40
87            android:name="com.google.android.datatransport.runtime.scheduling.jobscheduling.AlarmManagerSchedulerBroadcastReceiver"
87-->[com.google.android.datatransport:transport-runtime:2.2.5] AndroidManifest.xml:33:13-132
88            android:exported="false" />
88-->[com.google.android.datatransport:transport-runtime:2.2.5] AndroidManifest.xml:34:13-37
89
90        <activity
90-->[com.google.android.gms:play-services-base:17.4.0] AndroidManifest.xml:23:9-26:75
91            android:name="com.google.android.gms.common.api.GoogleApiActivity"
91-->[com.google.android.gms:play-services-base:17.4.0] AndroidManifest.xml:24:13-79
92            android:exported="false"
92-->[com.google.android.gms:play-services-base:17.4.0] AndroidManifest.xml:25:13-37
93            android:theme="@android:style/Theme.Translucent.NoTitleBar" />
93-->[com.google.android.gms:play-services-base:17.4.0] AndroidManifest.xml:26:13-72
94
95        <meta-data
95-->[com.google.android.gms:play-services-basement:17.4.0] AndroidManifest.xml:23:9-25:69
96            android:name="com.google.android.gms.version"
96-->[com.google.android.gms:play-services-basement:17.4.0] AndroidManifest.xml:24:13-58
97            android:value="@integer/google_play_services_version" />
97-->[com.google.android.gms:play-services-basement:17.4.0] AndroidManifest.xml:25:13-66
98    </application>
99
100</manifest>